2022-01-22 23:15:32,554:INFO:PyCaret Supervised Module
2022-01-22 23:15:32,554:INFO:ML Usecase: clustering
2022-01-22 23:15:32,554:INFO:version 2.3.6
2022-01-22 23:15:32,554:INFO:Initializing setup()
2022-01-22 23:15:32,554:INFO:setup(target=None, ml_usecase=clustering, available_plots={'cluster': 'Cluster PCA Plot (2d)', 'tsne': 'Cluster TSnE (3d)', 'elbow': 'Elbow', 'silhouette': 'Silhouette', 'distance': 'Distance', 'distribution': 'Distribution'}, train_size=0.7, test_data=None, preprocess=True, imputation_type=simple, iterative_imputation_iters=5, categorical_features=None, categorical_imputation=mode, categorical_iterative_imputer=lightgbm, ordinal_features=None, high_cardinality_features=None, high_cardinality_method=frequency, numeric_features=['sepal_length', 'sepal_width', 'petal_length', 'petal_width', 'ne', 'wordcount'], numeric_imputation=mean, numeric_iterative_imputer=lightgbm, date_features=None, ignore_features=['species'], normalize=False, normalize_method=zscore, transformation=False, transformation_method=yeo-johnson, handle_unknown_categorical=True, unknown_categorical_method=least_frequent, pca=False, pca_method=linear, pca_components=None, ignore_low_variance=False, combine_rare_levels=False, rare_level_threshold=0.1, bin_numeric_features=None, remove_outliers=False, outliers_threshold=0.05, remove_multicollinearity=False, multicollinearity_threshold=0.9, remove_perfect_collinearity=False, create_clusters=False, cluster_iter=20, polynomial_features=False, polynomial_degree=2, trigonometry_features=False, polynomial_threshold=0.1, group_features=None, group_names=None, feature_selection=False, feature_selection_threshold=0.8, feature_selection_method=classic, feature_interaction=False, feature_ratio=False, interaction_threshold=0.01, fix_imbalance=False, fix_imbalance_method=None, transform_target=False, transform_target_method=box-cox, data_split_shuffle=False, data_split_stratify=False, fold_strategy=kfold, fold=10, fold_shuffle=False, fold_groups=None, n_jobs=-1, use_gpu=False, custom_pipeline=None, html=True, session_id=123, log_experiment=True, experiment_name=Clustering experiment, log_plots=False, log_profile=False, log_data=False, silent=True, verbose=False, profile=False, profile_kwargs=None, display=None)
2022-01-22 23:15:32,562:INFO:Checking environment
2022-01-22 23:15:32,562:INFO:python_version: 3.8.12
2022-01-22 23:15:32,562:INFO:python_build: ('default', 'Oct 12 2021 03:01:40')
2022-01-22 23:15:32,562:INFO:machine: AMD64
2022-01-22 23:15:32,562:INFO:platform: Windows-10-10.0.22000-SP0
2022-01-22 23:15:32,562:INFO:Memory: svmem(total=25700995072, available=9855021056, percent=61.7, used=15845974016, free=9855021056)
2022-01-22 23:15:32,563:INFO:Physical Core: 6
2022-01-22 23:15:32,563:INFO:Logical Core: 12
2022-01-22 23:15:32,563:INFO:Checking libraries
2022-01-22 23:15:32,563:INFO:pd==1.3.5
2022-01-22 23:15:32,563:INFO:numpy==1.19.5
2022-01-22 23:15:32,563:INFO:sklearn==0.23.2
2022-01-22 23:15:32,563:INFO:lightgbm==3.3.2
2022-01-22 23:15:32,585:INFO:catboost==1.0.4
2022-01-22 23:15:32,763:INFO:xgboost==1.5.1
2022-01-22 23:15:34,206:INFO:mlflow==1.23.0
2022-01-22 23:15:34,207:INFO:Checking Exceptions
